[30-Jan-2022 02:00:01] NOTICE: fpm is running, pid 2805
[30-Jan-2022 02:00:01] NOTICE: ready to handle connections
[31-Jan-2022 08:52:18] NOTICE: Terminating ...
[31-Jan-2022 08:52:18] NOTICE: exiting, bye-bye!
[31-Jan-2022 08:52:35] NOTICE: fpm is running, pid 465
[31-Jan-2022 08:52:35] NOTICE: ready to handle connections
[01-Feb-2022 05:43:30] NOTICE: Terminating ...
[01-Feb-2022 05:43:30] NOTICE: exiting, bye-bye!
[01-Feb-2022 05:43:37] NOTICE: fpm is running, pid 464
[01-Feb-2022 05:43:37] NOTICE: ready to handle connections
[01-Feb-2022 05:49:17] NOTICE: Terminating ...
[01-Feb-2022 05:49:17] NOTICE: exiting, bye-bye!
[01-Feb-2022 05:49:25] NOTICE: fpm is running, pid 467
[01-Feb-2022 05:49:25] NOTICE: ready to handle connections
[02-Feb-2022 06:55:13] NOTICE: Terminating ...
[02-Feb-2022 06:55:13] NOTICE: exiting, bye-bye!
[02-Feb-2022 06:55:21] NOTICE: fpm is running, pid 465
[02-Feb-2022 06:55:21] NOTICE: ready to handle connections
[02-Feb-2022 06:59:50] NOTICE: Terminating ...
[02-Feb-2022 06:59:50] NOTICE: exiting, bye-bye!
[02-Feb-2022 06:59:57] NOTICE: fpm is running, pid 465
[02-Feb-2022 06:59:57] NOTICE: ready to handle connections
[02-Feb-2022 07:07:56] NOTICE: Terminating ...
[02-Feb-2022 07:07:56] NOTICE: exiting, bye-bye!
[02-Feb-2022 07:13:29] NOTICE: fpm is running, pid 476
[02-Feb-2022 07:13:29] NOTICE: ready to handle connections
[03-Feb-2022 05:45:38] NOTICE: Terminating ...
[03-Feb-2022 05:45:38] NOTICE: exiting, bye-bye!
[03-Feb-2022 05:48:35] NOTICE: fpm is running, pid 471
[03-Feb-2022 05:48:35] NOTICE: ready to handle connections
[03-Feb-2022 06:44:44] NOTICE: Terminating ...
[03-Feb-2022 06:44:44] NOTICE: exiting, bye-bye!
[03-Feb-2022 06:44:52] NOTICE: fpm is running, pid 468
[03-Feb-2022 06:44:52] NOTICE: ready to handle connections
[03-Feb-2022 07:10:34] NOTICE: Terminating ...
[03-Feb-2022 07:10:34] NOTICE: exiting, bye-bye!
[03-Feb-2022 07:11:19] NOTICE: fpm is running, pid 476
[03-Feb-2022 07:11:19] NOTICE: ready to handle connections
